# JRE version: OpenJDK Runtime Environment (8.0_112-b06) (build 1.8.0_112-release-b06)
# Java VM: OpenJDK 64-Bit Server VM (25.112-b06 mixed mode linux-amd64 compressed oops)
Heap:
 PSYoungGen      total 402944K, used 12927K [0x00000000e0000000, 0x00000000fa680000, 0x0000000100000000)
  eden space 373248K, 0% used [0x00000000e0000000,0x00000000e0000000,0x00000000f6c80000)
  from space 29696K, 43% used [0x00000000f6c80000,0x00000000f791fda0,0x00000000f8980000)
  to   space 24576K, 0% used [0x00000000f8e80000,0x00000000f8e80000,0x00000000fa680000)
 ParOldGen       total 105472K, used 57666K [0x00000000a0000000, 0x00000000a6700000, 0x00000000e0000000)
  object space 105472K, 54% used [0x00000000a0000000,0x00000000a3850950,0x00000000a6700000)
 Metaspace       used 77958K, capacity 84022K, committed 84224K, reserved 1122304K
  class space    used 9904K, capacity 10746K, committed 10752K, reserved 1048576K
GC Heap History (10 events):
Event: 4927,663 GC heap after
Heap after GC invocations=29 (full 3):
 PSYoungGen      total 286720K, used 17055K [0x00000000e0000000, 0x00000000f3880000, 0x0000000100000000)
  eden space 262656K, 0% used [0x00000000e0000000,0x00000000e0000000,0x00000000f0080000)
  from space 24064K, 70% used [0x00000000f2100000,0x00000000f31a7df8,0x00000000f3880000)
  to   space 28672K, 0% used [0x00000000f0080000,0x00000000f0080000,0x00000000f1c80000)
 ParOldGen       total 105472K, used 48815K [0x00000000a0000000, 0x00000000a6700000, 0x00000000e0000000)
  object space 105472K, 46% used [0x00000000a0000000,0x00000000a2fabf58,0x00000000a6700000)
 Metaspace       used 76249K, capacity 80772K, committed 80896K, reserved 1120256K
  class space    used 9696K, capacity 10393K, committed 10496K, reserved 1048576K
}
Event: 4929,460 GC heap before
{Heap before GC invocations=30 (full 3):
 PSYoungGen      total 286720K, used 279617K [0x00000000e0000000, 0x00000000f3880000, 0x0000000100000000)
  eden space 262656K, 99% used [0x00000000e0000000,0x00000000f0068878,0x00000000f0080000)
  from space 24064K, 70% used [0x00000000f2100000,0x00000000f31a7df8,0x00000000f3880000)
  to   space 28672K, 0% used [0x00000000f0080000,0x00000000f0080000,0x00000000f1c80000)
 ParOldGen       total 105472K, used 48815K [0x00000000a0000000, 0x00000000a6700000, 0x00000000e0000000)
  object space 105472K, 46% used [0x00000000a0000000,0x00000000a2fabf58,0x00000000a6700000)
 Metaspace       used 76382K, capacity 81056K, committed 81408K, reserved 1120256K
  class space    used 9701K, capacity 10399K, committed 10496K, reserved 1048576K
Event: 4929,521 GC heap after
Heap after GC invocations=30 (full 3):
 PSYoungGen      total 291328K, used 24159K [0x00000000e0000000, 0x00000000f6a00000, 0x0000000100000000)
  eden space 262656K, 0% used [0x00000000e0000000,0x00000000e0000000,0x00000000f0080000)
  from space 28672K, 84% used [0x00000000f0080000,0x00000000f1817f10,0x00000000f1c80000)
  to   space 30720K, 0% used [0x00000000f4c00000,0x00000000f4c00000,0x00000000f6a00000)
 ParOldGen       total 105472K, used 49603K [0x00000000a0000000, 0x00000000a6700000, 0x00000000e0000000)
  object space 105472K, 47% used [0x00000000a0000000,0x00000000a3070f88,0x00000000a6700000)
 Metaspace       used 76382K, capacity 81056K, committed 81408K, reserved 1120256K
  class space    used 9701K, capacity 10399K, committed 10496K, reserved 1048576K
}
Event: 4929,603 GC heap before
{Heap before GC invocations=31 (full 3):
 PSYoungGen      total 291328K, used 285963K [0x00000000e0000000, 0x00000000f6a00000, 0x0000000100000000)
  eden space 262656K, 99% used [0x00000000e0000000,0x00000000effaad30,0x00000000f0080000)
  from space 28672K, 84% used [0x00000000f0080000,0x00000000f1817f10,0x00000000f1c80000)
  to   space 30720K, 0% used [0x00000000f4c00000,0x00000000f4c00000,0x00000000f6a00000)
 ParOldGen       total 105472K, used 49603K [0x00000000a0000000, 0x00000000a6700000, 0x00000000e0000000)
  object space 105472K, 47% used [0x00000000a0000000,0x00000000a3070f88,0x00000000a6700000)
 Metaspace       used 76382K, capacity 81056K, committed 81408K, reserved 1120256K
  class space    used 9701K, capacity 10399K, committed 10496K, reserved 1048576K
Event: 4929,637 GC heap after
Heap after GC invocations=31 (full 3):
 PSYoungGen      total 341504K, used 14564K [0x00000000e0000000, 0x00000000f7580000, 0x0000000100000000)
  eden space 310784K, 0% used [0x00000000e0000000,0x00000000e0000000,0x00000000f2f80000)
  from space 30720K, 47% used [0x00000000f4c00000,0x00000000f5a39360,0x00000000f6a00000)
  to   space 29184K, 0% used [0x00000000f2f80000,0x00000000f2f80000,0x00000000f4c00000)
 ParOldGen       total 105472K, used 54221K [0x00000000a0000000, 0x00000000a6700000, 0x00000000e0000000)
  object space 105472K, 51% used [0x00000000a0000000,0x00000000a34f34e8,0x00000000a6700000)
 Metaspace       used 76382K, capacity 81056K, committed 81408K, reserved 1120256K
  class space    used 9701K, capacity 10399K, committed 10496K, reserved 1048576K
}
Event: 5380,167 GC heap before
{Heap before GC invocations=32 (full 3):
 PSYoungGen      total 341504K, used 324939K [0x00000000e0000000, 0x00000000f7580000, 0x0000000100000000)
  eden space 310784K, 99% used [0x00000000e0000000,0x00000000f2f19b50,0x00000000f2f80000)
  from space 30720K, 47% used [0x00000000f4c00000,0x00000000f5a39360,0x00000000f6a00000)
  to   space 29184K, 0% used [0x00000000f2f80000,0x00000000f2f80000,0x00000000f4c00000)
 ParOldGen       total 105472K, used 54221K [0x00000000a0000000, 0x00000000a6700000, 0x00000000e0000000)
  object space 105472K, 51% used [0x00000000a0000000,0x00000000a34f34e8,0x00000000a6700000)
 Metaspace       used 76742K, capacity 81610K, committed 81920K, reserved 1120256K
  class space    used 9721K, capacity 10430K, committed 10496K, reserved 1048576K
Event: 5380,205 GC heap after
Heap after GC invocations=32 (full 3):
 PSYoungGen      total 339968K, used 7737K [0x00000000e0000000, 0x00000000fab00000, 0x0000000100000000)
  eden space 310784K, 0% used [0x00000000e0000000,0x00000000e0000000,0x00000000f2f80000)
  from space 29184K, 26% used [0x00000000f2f80000,0x00000000f370e7c0,0x00000000f4c00000)
  to   space 29184K, 0% used [0x00000000f8e80000,0x00000000f8e80000,0x00000000fab00000)
 ParOldGen       total 105472K, used 57170K [0x00000000a0000000, 0x00000000a6700000, 0x00000000e0000000)
  object space 105472K, 54% used [0x00000000a0000000,0x00000000a37d4930,0x00000000a6700000)
 Metaspace       used 76742K, capacity 81610K, committed 81920K, reserved 1120256K
  class space    used 9721K, capacity 10430K, committed 10496K, reserved 1048576K
}
Event: 5562,620 GC heap before
{Heap before GC invocations=33 (full 3):
 PSYoungGen      total 339968K, used 318296K [0x00000000e0000000, 0x00000000fab00000, 0x0000000100000000)
  eden space 310784K, 99% used [0x00000000e0000000,0x00000000f2f47a60,0x00000000f2f80000)
  from space 29184K, 26% used [0x00000000f2f80000,0x00000000f370e7c0,0x00000000f4c00000)
  to   space 29184K, 0% used [0x00000000f8e80000,0x00000000f8e80000,0x00000000fab00000)
 ParOldGen       total 105472K, used 57170K [0x00000000a0000000, 0x00000000a6700000, 0x00000000e0000000)
  object space 105472K, 54% used [0x00000000a0000000,0x00000000a37d4930,0x00000000a6700000)
 Metaspace       used 76986K, capacity 81898K, committed 82176K, reserved 1120256K
  class space    used 9735K, capacity 10448K, committed 10496K, reserved 1048576K
Event: 5562,670 GC heap after
Heap after GC invocations=33 (full 3):
 PSYoungGen      total 397824K, used 19829K [0x00000000e0000000, 0x00000000fa680000, 0x0000000100000000)
  eden space 373248K, 0% used [0x00000000e0000000,0x00000000e0000000,0x00000000f6c80000)
  from space 24576K, 80% used [0x00000000f8e80000,0x00000000fa1dd648,0x00000000fa680000)
  to   space 29696K, 0% used [0x00000000f6c80000,0x00000000f6c80000,0x00000000f8980000)
 ParOldGen       total 105472K, used 57366K [0x00000000a0000000, 0x00000000a6700000, 0x00000000e0000000)
  object space 105472K, 54% used [0x00000000a0000000,0x00000000a3805940,0x00000000a6700000)
 Metaspace       used 76986K, capacity 81898K, committed 82176K, reserved 1120256K
  class space    used 9735K, capacity 10448K, committed 10496K, reserved 1048576K
}
Event: 5890,406 GC heap before
{Heap before GC invocations=34 (full 3):
 PSYoungGen      total 397824K, used 393077K [0x00000000e0000000, 0x00000000fa680000, 0x0000000100000000)
  eden space 373248K, 100% used [0x00000000e0000000,0x00000000f6c80000,0x00000000f6c80000)
  from space 24576K, 80% used [0x00000000f8e80000,0x00000000fa1dd648,0x00000000fa680000)
  to   space 29696K, 0% used [0x00000000f6c80000,0x00000000f6c80000,0x00000000f8980000)
 ParOldGen       total 105472K, used 57366K [0x00000000a0000000, 0x00000000a6700000, 0x00000000e0000000)
  object space 105472K, 54% used [0x00000000a0000000,0x00000000a3805940,0x00000000a6700000)
 Metaspace       used 77958K, capacity 84022K, committed 84224K, reserved 1122304K
  class space    used 9904K, capacity 10746K, committed 10752K, reserved 1048576K

